<?xml version="1.0" encoding="UTF-8"?>
<!-- Generated by org.testng.reporters.JUnitReportReporter -->
<testsuite hostname="Akshay" failures="0" tests="3" name="tutorialNinjaProj.Tests.SearchTest" time="9.308" errors="0" timestamp="2023-12-17T12:52:00 IST" skipped="0">
  <testcase classname="tutorialNinjaProj.Tests.SearchTest" name="verifySearchWithValidProduct" time="2.962"/>
  <system-out/>
  <testcase classname="tutorialNinjaProj.Tests.SearchTest" name="verifySearchWithNonExistingProduct" time="2.702"/>
  <system-out/>
  <testcase classname="tutorialNinjaProj.Tests.SearchTest" name="verifySearchWithNotProvidingAnyProductName" time="3.644"/>
  <system-out/>
</testsuite> <!-- tutorialNinjaProj.Tests.SearchTest -->
