<?xml version="1.0" encoding="UTF-8"?>
<!-- Generated by org.testng.reporters.JUnitReportReporter -->
<testsuite hostname="Akshay" failures="0" tests="3" name="tutorialNinjaProj.Tests.RegisterAccountTest" time="17.594" errors="0" timestamp="2023-12-17T12:52:00 IST" skipped="0">
  <testcase classname="tutorialNinjaProj.Tests.RegisterAccountTest" name="verifyRegisteringAccountWithMandatoryFields" time="4.592"/>
  <system-out/>
  <testcase classname="tutorialNinjaProj.Tests.RegisterAccountTest" name="verifyRegisteringAccountWithAlreadyExistingCredentils" time="3.386"/>
  <system-out/>
  <testcase classname="tutorialNinjaProj.Tests.RegisterAccountTest" name="verifyRegisteringAccountWithOutFillingAnyFillds" time="9.616"/>
  <system-out/>
</testsuite> <!-- tutorialNinjaProj.Tests.RegisterAccountTest -->
