<?xml version="1.0" encoding="UTF-8"?>
<!-- Generated by org.testng.reporters.JUnitReportReporter -->
<testsuite hostname="Akshay" failures="0" tests="6" name="tutorialNinjaProj.Tests.LoginTest" time="24.325" errors="0" timestamp="2023-12-17T12:52:00 IST" skipped="0">
  <testcase classname="tutorialNinjaProj.Tests.LoginTest" name="verifyLoginWithValidCredentils" time="3.809"/>
  <system-out/>
  <testcase classname="tutorialNinjaProj.Tests.LoginTest" name="verifyLoginWithValidCredentils" time="4.926"/>
  <system-out/>
  <testcase classname="tutorialNinjaProj.Tests.LoginTest" name="verifyLoginWithInvalidCredentils" time="3.500"/>
  <system-out/>
  <testcase classname="tutorialNinjaProj.Tests.LoginTest" name="verifyLoginWithInvalidEmailandValiedPassword" time="3.632"/>
  <system-out/>
  <testcase classname="tutorialNinjaProj.Tests.LoginTest" name="verifyLoginWithValidEmailandInvaliedPassword" time="3.407"/>
  <system-out/>
  <testcase classname="tutorialNinjaProj.Tests.LoginTest" name="verifyLoginWithoutProvidingCredentils" time="5.051"/>
  <system-out/>
</testsuite> <!-- tutorialNinjaProj.Tests.LoginTest -->
